# JRE version: OpenJDK Runtime Environment (8.0_111-b14) (build 1.8.0_111-8u111-b14-2ubuntu0.16.04.2-b14)
# Java VM: OpenJDK 64-Bit Server VM (25.111-b14 mixed mode linux-amd64 compressed oops)
Heap:
 PSYoungGen      total 35328K, used 4120K [0x00000000d6d00000, 0x00000000db080000, 0x0000000100000000)
  eden space 31744K, 2% used [0x00000000d6d00000,0x00000000d6dc17b0,0x00000000d8c00000)
  from space 3584K, 93% used [0x00000000da980000,0x00000000dacc4aa0,0x00000000dad00000)
  to   space 3584K, 0% used [0x00000000dad00000,0x00000000dad00000,0x00000000db080000)
 ParOldGen       total 84992K, used 2763K [0x0000000084600000, 0x0000000089900000, 0x00000000d6d00000)
  object space 84992K, 3% used [0x0000000084600000,0x00000000848b2cf0,0x0000000089900000)
 Metaspace       used 12167K, capacity 12660K, committed 12928K, reserved 1060864K
  class space    used 1440K, capacity 1582K, committed 1664K, reserved 1048576K
GC Heap History (6 events):
Event: 0,698 GC heap before
{Heap before GC invocations=1 (full 0):
 PSYoungGen      total 36864K, used 31744K [0x00000000d6d00000, 0x00000000d9600000, 0x0000000100000000)
  eden space 31744K, 100% used [0x00000000d6d00000,0x00000000d8c00000,0x00000000d8c00000)
  from space 5120K, 0% used [0x00000000d9100000,0x00000000d9100000,0x00000000d9600000)
  to   space 5120K, 0% used [0x00000000d8c00000,0x00000000d8c00000,0x00000000d9100000)
 ParOldGen       total 84992K, used 0K [0x0000000084600000, 0x0000000089900000, 0x00000000d6d00000)
  object space 84992K, 0% used [0x0000000084600000,0x0000000084600000,0x0000000089900000)
 Metaspace       used 11857K, capacity 12322K, committed 12416K, reserved 1060864K
  class space    used 1428K, capacity 1579K, committed 1664K, reserved 1048576K
Event: 0,706 GC heap after
Heap after GC invocations=1 (full 0):
 PSYoungGen      total 36864K, used 5118K [0x00000000d6d00000, 0x00000000db500000, 0x0000000100000000)
  eden space 31744K, 0% used [0x00000000d6d00000,0x00000000d6d00000,0x00000000d8c00000)
  from space 5120K, 99% used [0x00000000d8c00000,0x00000000d90ffa80,0x00000000d9100000)
  to   space 5120K, 0% used [0x00000000db000000,0x00000000db000000,0x00000000db500000)
 ParOldGen       total 84992K, used 2747K [0x0000000084600000, 0x0000000089900000, 0x00000000d6d00000)
  object space 84992K, 3% used [0x0000000084600000,0x00000000848aecf0,0x0000000089900000)
 Metaspace       used 11857K, capacity 12322K, committed 12416K, reserved 1060864K
  class space    used 1428K, capacity 1579K, committed 1664K, reserved 1048576K
}
Event: 1,770 GC heap before
{Heap before GC invocations=2 (full 0):
 PSYoungGen      total 36864K, used 36862K [0x00000000d6d00000, 0x00000000db500000, 0x0000000100000000)
  eden space 31744K, 100% used [0x00000000d6d00000,0x00000000d8c00000,0x00000000d8c00000)
  from space 5120K, 99% used [0x00000000d8c00000,0x00000000d90ffa80,0x00000000d9100000)
  to   space 5120K, 0% used [0x00000000db000000,0x00000000db000000,0x00000000db500000)
 ParOldGen       total 84992K, used 2747K [0x0000000084600000, 0x0000000089900000, 0x00000000d6d00000)
  object space 84992K, 3% used [0x0000000084600000,0x00000000848aecf0,0x0000000089900000)
 Metaspace       used 12022K, capacity 12456K, committed 12672K, reserved 1060864K
  class space    used 1431K, capacity 1580K, committed 1664K, reserved 1048576K
Event: 1,777 GC heap after
Heap after GC invocations=2 (full 0):
 PSYoungGen      total 35328K, used 3314K [0x00000000d6d00000, 0x00000000db380000, 0x0000000100000000)
  eden space 31744K, 0% used [0x00000000d6d00000,0x00000000d6d00000,0x00000000d8c00000)
  from space 3584K, 92% used [0x00000000db000000,0x00000000db33caa0,0x00000000db380000)
  to   space 5120K, 0% used [0x00000000da980000,0x00000000da980000,0x00000000dae80000)
 ParOldGen       total 84992K, used 2755K [0x0000000084600000, 0x0000000089900000, 0x00000000d6d00000)
  object space 84992K, 3% used [0x0000000084600000,0x00000000848b0cf0,0x0000000089900000)
 Metaspace       used 12022K, capacity 12456K, committed 12672K, reserved 1060864K
  class space    used 1431K, capacity 1580K, committed 1664K, reserved 1048576K
}
Event: 2,836 GC heap before
{Heap before GC invocations=3 (full 0):
 PSYoungGen      total 35328K, used 35058K [0x00000000d6d00000, 0x00000000db380000, 0x0000000100000000)
  eden space 31744K, 100% used [0x00000000d6d00000,0x00000000d8c00000,0x00000000d8c00000)
  from space 3584K, 92% used [0x00000000db000000,0x00000000db33caa0,0x00000000db380000)
  to   space 5120K, 0% used [0x00000000da980000,0x00000000da980000,0x00000000dae80000)
 ParOldGen       total 84992K, used 2755K [0x0000000084600000, 0x0000000089900000, 0x00000000d6d00000)
  object space 84992K, 3% used [0x0000000084600000,0x00000000848b0cf0,0x0000000089900000)
 Metaspace       used 12167K, capacity 12660K, committed 12928K, reserved 1060864K
  class space    used 1440K, capacity 1582K, committed 1664K, reserved 1048576K
Event: 2,844 GC heap after
Heap after GC invocations=3 (full 0):
 PSYoungGen      total 35328K, used 3346K [0x00000000d6d00000, 0x00000000db080000, 0x0000000100000000)
  eden space 31744K, 0% used [0x00000000d6d00000,0x00000000d6d00000,0x00000000d8c00000)
  from space 3584K, 93% used [0x00000000da980000,0x00000000dacc4aa0,0x00000000dad00000)
  to   space 3584K, 0% used [0x00000000dad00000,0x00000000dad00000,0x00000000db080000)
 ParOldGen       total 84992K, used 2763K [0x0000000084600000, 0x0000000089900000, 0x00000000d6d00000)
  object space 84992K, 3% used [0x0000000084600000,0x00000000848b2cf0,0x0000000089900000)
 Metaspace       used 12167K, capacity 12660K, committed 12928K, reserved 1060864K
  class space    used 1440K, capacity 1582K, committed 1664K, reserved 1048576K
}

