# JRE version: OpenJDK Runtime Environment (8.0_111-b14) (build 1.8.0_111-8u111-b14-2ubuntu0.16.04.2-b14)
# Java VM: OpenJDK 64-Bit Server VM (25.111-b14 mixed mode linux-amd64 compressed oops)
Heap:
 PSYoungGen      total 213504K, used 55187K [0x00000000eb900000, 0x0000000100000000, 0x0000000100000000)
  eden space 101888K, 0% used [0x00000000eb900000,0x00000000eb900000,0x00000000f1c80000)
  from space 111616K, 49% used [0x00000000f1c80000,0x00000000f5264fd8,0x00000000f8980000)
  to   space 111616K, 0% used [0x00000000f9300000,0x00000000f9300000,0x0000000100000000)
 ParOldGen       total 318976K, used 318736K [0x00000000c2a00000, 0x00000000d6180000, 0x00000000eb900000)
  object space 318976K, 99% used [0x00000000c2a00000,0x00000000d61442d8,0x00000000d6180000)
 Metaspace       used 12109K, capacity 12594K, committed 12928K, reserved 1060864K
  class space    used 1445K, capacity 1581K, committed 1664K, reserved 1048576K
GC Heap History (10 events):
Event: 7,591 GC heap after
Heap after GC invocations=13 (full 3):
 PSYoungGen      total 158720K, used 73139K [0x00000000eb900000, 0x00000000fb800000, 0x0000000100000000)
  eden space 85504K, 0% used [0x00000000eb900000,0x00000000eb900000,0x00000000f0c80000)
  from space 73216K, 99% used [0x00000000f6000000,0x00000000fa76cff0,0x00000000fa780000)
  to   space 85504K, 0% used [0x00000000f0c80000,0x00000000f0c80000,0x00000000f6000000)
 ParOldGen       total 205824K, used 120561K [0x00000000c2a00000, 0x00000000cf300000, 0x00000000eb900000)
  object space 205824K, 58% used [0x00000000c2a00000,0x00000000c9fbc528,0x00000000cf300000)
 Metaspace       used 12109K, capacity 12594K, committed 12928K, reserved 1060864K
  class space    used 1445K, capacity 1581K, committed 1664K, reserved 1048576K
}
Event: 7,763 GC heap before
{Heap before GC invocations=14 (full 3):
 PSYoungGen      total 158720K, used 158643K [0x00000000eb900000, 0x00000000fb800000, 0x0000000100000000)
  eden space 85504K, 100% used [0x00000000eb900000,0x00000000f0c80000,0x00000000f0c80000)
  from space 73216K, 99% used [0x00000000f6000000,0x00000000fa76cff0,0x00000000fa780000)
  to   space 85504K, 0% used [0x00000000f0c80000,0x00000000f0c80000,0x00000000f6000000)
 ParOldGen       total 205824K, used 120561K [0x00000000c2a00000, 0x00000000cf300000, 0x00000000eb900000)
  object space 205824K, 58% used [0x00000000c2a00000,0x00000000c9fbc528,0x00000000cf300000)
 Metaspace       used 12109K, capacity 12594K, committed 12928K, reserved 1060864K
  class space    used 1445K, capacity 1581K, committed 1664K, reserved 1048576K
Event: 7,881 GC heap after
Heap after GC invocations=14 (full 3):
 PSYoungGen      total 171008K, used 85502K [0x00000000eb900000, 0x00000000ffa00000, 0x0000000100000000)
  eden space 85504K, 0% used [0x00000000eb900000,0x00000000eb900000,0x00000000f0c80000)
  from space 85504K, 99% used [0x00000000f0c80000,0x00000000f5fffb98,0x00000000f6000000)
  to   space 111616K, 0% used [0x00000000f8d00000,0x00000000f8d00000,0x00000000ffa00000)
 ParOldGen       total 205824K, used 165217K [0x00000000c2a00000, 0x00000000cf300000, 0x00000000eb900000)
  object space 205824K, 80% used [0x00000000c2a00000,0x00000000ccb58528,0x00000000cf300000)
 Metaspace       used 12109K, capacity 12594K, committed 12928K, reserved 1060864K
  class space    used 1445K, capacity 1581K, committed 1664K, reserved 1048576K
}
Event: 7,881 GC heap before
{Heap before GC invocations=15 (full 4):
 PSYoungGen      total 171008K, used 85502K [0x00000000eb900000, 0x00000000ffa00000, 0x0000000100000000)
  eden space 85504K, 0% used [0x00000000eb900000,0x00000000eb900000,0x00000000f0c80000)
  from space 85504K, 99% used [0x00000000f0c80000,0x00000000f5fffb98,0x00000000f6000000)
  to   space 111616K, 0% used [0x00000000f8d00000,0x00000000f8d00000,0x00000000ffa00000)
 ParOldGen       total 205824K, used 165217K [0x00000000c2a00000, 0x00000000cf300000, 0x00000000eb900000)
  object space 205824K, 80% used [0x00000000c2a00000,0x00000000ccb58528,0x00000000cf300000)
 Metaspace       used 12109K, capacity 12594K, committed 12928K, reserved 1060864K
  class space    used 1445K, capacity 1581K, committed 1664K, reserved 1048576K
Event: 8,922 GC heap after
Heap after GC invocations=15 (full 4):
 PSYoungGen      total 171008K, used 43968K [0x00000000eb900000, 0x00000000ffa00000, 0x0000000100000000)
  eden space 85504K, 0% used [0x00000000eb900000,0x00000000eb900000,0x00000000f0c80000)
  from space 85504K, 51% used [0x00000000f0c80000,0x00000000f37700a8,0x00000000f6000000)
  to   space 111616K, 0% used [0x00000000f8d00000,0x00000000f8d00000,0x00000000ffa00000)
 ParOldGen       total 318976K, used 205733K [0x00000000c2a00000, 0x00000000d6180000, 0x00000000eb900000)
  object space 318976K, 64% used [0x00000000c2a00000,0x00000000cf2e9678,0x00000000d6180000)
 Metaspace       used 12109K, capacity 12594K, committed 12928K, reserved 1060864K
  class space    used 1445K, capacity 1581K, committed 1664K, reserved 1048576K
}
Event: 9,094 GC heap before
{Heap before GC invocations=16 (full 4):
 PSYoungGen      total 171008K, used 129472K [0x00000000eb900000, 0x00000000ffa00000, 0x0000000100000000)
  eden space 85504K, 100% used [0x00000000eb900000,0x00000000f0c80000,0x00000000f0c80000)
  from space 85504K, 51% used [0x00000000f0c80000,0x00000000f37700a8,0x00000000f6000000)
  to   space 111616K, 0% used [0x00000000f8d00000,0x00000000f8d00000,0x00000000ffa00000)
 ParOldGen       total 318976K, used 205733K [0x00000000c2a00000, 0x00000000d6180000, 0x00000000eb900000)
  object space 318976K, 64% used [0x00000000c2a00000,0x00000000cf2e9678,0x00000000d6180000)
 Metaspace       used 12109K, capacity 12594K, committed 12928K, reserved 1060864K
  class space    used 1445K, capacity 1581K, committed 1664K, reserved 1048576K
Event: 9,251 GC heap after
Heap after GC invocations=16 (full 4):
 PSYoungGen      total 209920K, used 101790K [0x00000000eb900000, 0x00000000ff680000, 0x0000000100000000)
  eden space 101888K, 0% used [0x00000000eb900000,0x00000000eb900000,0x00000000f1c80000)
  from space 108032K, 94% used [0x00000000f8d00000,0x00000000ff0679e0,0x00000000ff680000)
  to   space 111616K, 0% used [0x00000000f1c80000,0x00000000f1c80000,0x00000000f8980000)
 ParOldGen       total 318976K, used 205733K [0x00000000c2a00000, 0x00000000d6180000, 0x00000000eb900000)
  object space 318976K, 64% used [0x00000000c2a00000,0x00000000cf2e9678,0x00000000d6180000)
 Metaspace       used 12109K, capacity 12594K, committed 12928K, reserved 1060864K
  class space    used 1445K, capacity 1581K, committed 1664K, reserved 1048576K
}
Event: 9,478 GC heap before
{Heap before GC invocations=17 (full 4):
 PSYoungGen      total 209920K, used 203678K [0x00000000eb900000, 0x00000000ff680000, 0x0000000100000000)
  eden space 101888K, 100% used [0x00000000eb900000,0x00000000f1c80000,0x00000000f1c80000)
  from space 108032K, 94% used [0x00000000f8d00000,0x00000000ff0679e0,0x00000000ff680000)
  to   space 111616K, 0% used [0x00000000f1c80000,0x00000000f1c80000,0x00000000f8980000)
 ParOldGen       total 318976K, used 205733K [0x00000000c2a00000, 0x00000000d6180000, 0x00000000eb900000)
  object space 318976K, 64% used [0x00000000c2a00000,0x00000000cf2e9678,0x00000000d6180000)
 Metaspace       used 12109K, capacity 12594K, committed 12928K, reserved 1060864K
  class space    used 1445K, capacity 1581K, committed 1664K, reserved 1048576K
Event: 9,626 GC heap after
Heap after GC invocations=17 (full 4):
 PSYoungGen      total 213504K, used 111592K [0x00000000eb900000, 0x0000000100000000, 0x0000000100000000)
  eden space 101888K, 0% used [0x00000000eb900000,0x00000000eb900000,0x00000000f1c80000)
  from space 111616K, 99% used [0x00000000f1c80000,0x00000000f897a1f0,0x00000000f8980000)
  to   space 111616K, 0% used [0x00000000f9300000,0x00000000f9300000,0x0000000100000000)
 ParOldGen       total 318976K, used 264021K [0x00000000c2a00000, 0x00000000d6180000, 0x00000000eb900000)
  object space 318976K, 82% used [0x00000000c2a00000,0x00000000d2bd5678,0x00000000d6180000)
 Metaspace       used 12109K, capacity 12594K, committed 12928K, reserved 1060864K
  class space    used 1445K, capacity 1581K, committed 1664K, reserved 1048576K
}
Event: 9,626 GC heap before
{Heap before GC invocations=18 (full 5):
 PSYoungGen      total 213504K, used 111592K [0x00000000eb900000, 0x0000000100000000, 0x0000000100000000)
  eden space 101888K, 0% used [0x00000000eb900000,0x00000000eb900000,0x00000000f1c80000)
  from space 111616K, 99% used [0x00000000f1c80000,0x00000000f897a1f0,0x00000000f8980000)
  to   space 111616K, 0% used [0x00000000f9300000,0x00000000f9300000,0x0000000100000000)
 ParOldGen       total 318976K, used 264021K [0x00000000c2a00000, 0x00000000d6180000, 0x00000000eb900000)
  object space 318976K, 82% used [0x00000000c2a00000,0x00000000d2bd5678,0x00000000d6180000)
 Metaspace       used 12109K, capacity 12594K, committed 12928K, reserved 1060864K
  class space    used 1445K, capacity 1581K, committed 1664K, reserved 1048576K

