# JRE version: OpenJDK Runtime Environment (8.0_111-b14) (build 1.8.0_111-8u111-b14-2ubuntu0.16.04.2-b14)
# Java VM: OpenJDK 64-Bit Server VM (25.111-b14 mixed mode linux-amd64 compressed oops)
Heap:
 PSYoungGen      total 35328K, used 4247K [0x00000000d6d00000, 0x00000000db080000, 0x0000000100000000)
  eden space 31744K, 2% used [0x00000000d6d00000,0x00000000d6dc12c0,0x00000000d8c00000)
  from space 3584K, 96% used [0x00000000da900000,0x00000000dac64ac0,0x00000000dac80000)
  to   space 4096K, 0% used [0x00000000dac80000,0x00000000dac80000,0x00000000db080000)
 ParOldGen       total 84992K, used 3003K [0x0000000084600000, 0x0000000089900000, 0x00000000d6d00000)
  object space 84992K, 3% used [0x0000000084600000,0x00000000848eee50,0x0000000089900000)
 Metaspace       used 12096K, capacity 12572K, committed 12672K, reserved 1060864K
  class space    used 1434K, capacity 1580K, committed 1664K, reserved 1048576K
GC Heap History (6 events):
Event: 0,676 GC heap before
{Heap before GC invocations=1 (full 0):
 PSYoungGen      total 36864K, used 31744K [0x00000000d6d00000, 0x00000000d9600000, 0x0000000100000000)
  eden space 31744K, 100% used [0x00000000d6d00000,0x00000000d8c00000,0x00000000d8c00000)
  from space 5120K, 0% used [0x00000000d9100000,0x00000000d9100000,0x00000000d9600000)
  to   space 5120K, 0% used [0x00000000d8c00000,0x00000000d8c00000,0x00000000d9100000)
 ParOldGen       total 84992K, used 0K [0x0000000084600000, 0x0000000089900000, 0x00000000d6d00000)
  object space 84992K, 0% used [0x0000000084600000,0x0000000084600000,0x0000000089900000)
 Metaspace       used 11876K, capacity 12374K, committed 12672K, reserved 1060864K
  class space    used 1428K, capacity 1579K, committed 1664K, reserved 1048576K
Event: 0,683 GC heap after
Heap after GC invocations=1 (full 0):
 PSYoungGen      total 36864K, used 5094K [0x00000000d6d00000, 0x00000000db500000, 0x0000000100000000)
  eden space 31744K, 0% used [0x00000000d6d00000,0x00000000d6d00000,0x00000000d8c00000)
  from space 5120K, 99% used [0x00000000d8c00000,0x00000000d90f9ae8,0x00000000d9100000)
  to   space 5120K, 0% used [0x00000000db000000,0x00000000db000000,0x00000000db500000)
 ParOldGen       total 84992K, used 2987K [0x0000000084600000, 0x0000000089900000, 0x00000000d6d00000)
  object space 84992K, 3% used [0x0000000084600000,0x00000000848eae50,0x0000000089900000)
 Metaspace       used 11876K, capacity 12374K, committed 12672K, reserved 1060864K
  class space    used 1428K, capacity 1579K, committed 1664K, reserved 1048576K
}
Event: 1,734 GC heap before
{Heap before GC invocations=2 (full 0):
 PSYoungGen      total 36864K, used 36838K [0x00000000d6d00000, 0x00000000db500000, 0x0000000100000000)
  eden space 31744K, 100% used [0x00000000d6d00000,0x00000000d8c00000,0x00000000d8c00000)
  from space 5120K, 99% used [0x00000000d8c00000,0x00000000d90f9ae8,0x00000000d9100000)
  to   space 5120K, 0% used [0x00000000db000000,0x00000000db000000,0x00000000db500000)
 ParOldGen       total 84992K, used 2987K [0x0000000084600000, 0x0000000089900000, 0x00000000d6d00000)
  object space 84992K, 3% used [0x0000000084600000,0x00000000848eae50,0x0000000089900000)
 Metaspace       used 12038K, capacity 12508K, committed 12672K, reserved 1060864K
  class space    used 1432K, capacity 1580K, committed 1664K, reserved 1048576K
Event: 1,741 GC heap after
Heap after GC invocations=2 (full 0):
 PSYoungGen      total 34816K, used 3024K [0x00000000d6d00000, 0x00000000db300000, 0x0000000100000000)
  eden space 31744K, 0% used [0x00000000d6d00000,0x00000000d6d00000,0x00000000d8c00000)
  from space 3072K, 98% used [0x00000000db000000,0x00000000db2f4030,0x00000000db300000)
  to   space 5120K, 0% used [0x00000000da900000,0x00000000da900000,0x00000000dae00000)
 ParOldGen       total 84992K, used 2995K [0x0000000084600000, 0x0000000089900000, 0x00000000d6d00000)
  object space 84992K, 3% used [0x0000000084600000,0x00000000848ece50,0x0000000089900000)
 Metaspace       used 12038K, capacity 12508K, committed 12672K, reserved 1060864K
  class space    used 1432K, capacity 1580K, committed 1664K, reserved 1048576K
}
Event: 2,683 GC heap before
{Heap before GC invocations=3 (full 0):
 PSYoungGen      total 34816K, used 34768K [0x00000000d6d00000, 0x00000000db300000, 0x0000000100000000)
  eden space 31744K, 100% used [0x00000000d6d00000,0x00000000d8c00000,0x00000000d8c00000)
  from space 3072K, 98% used [0x00000000db000000,0x00000000db2f4030,0x00000000db300000)
  to   space 5120K, 0% used [0x00000000da900000,0x00000000da900000,0x00000000dae00000)
 ParOldGen       total 84992K, used 2995K [0x0000000084600000, 0x0000000089900000, 0x00000000d6d00000)
  object space 84992K, 3% used [0x0000000084600000,0x00000000848ece50,0x0000000089900000)
 Metaspace       used 12095K, capacity 12572K, committed 12672K, reserved 1060864K
  class space    used 1434K, capacity 1580K, committed 1664K, reserved 1048576K
Event: 2,691 GC heap after
Heap after GC invocations=3 (full 0):
 PSYoungGen      total 35328K, used 3474K [0x00000000d6d00000, 0x00000000db080000, 0x0000000100000000)
  eden space 31744K, 0% used [0x00000000d6d00000,0x00000000d6d00000,0x00000000d8c00000)
  from space 3584K, 96% used [0x00000000da900000,0x00000000dac64ac0,0x00000000dac80000)
  to   space 4096K, 0% used [0x00000000dac80000,0x00000000dac80000,0x00000000db080000)
 ParOldGen       total 84992K, used 3003K [0x0000000084600000, 0x0000000089900000, 0x00000000d6d00000)
  object space 84992K, 3% used [0x0000000084600000,0x00000000848eee50,0x0000000089900000)
 Metaspace       used 12095K, capacity 12572K, committed 12672K, reserved 1060864K
  class space    used 1434K, capacity 1580K, committed 1664K, reserved 1048576K
}

