# JRE version: OpenJDK Runtime Environment (8.0_111-b14) (build 1.8.0_111-8u111-b14-2ubuntu0.16.04.2-b14)
# Java VM: OpenJDK 64-Bit Server VM (25.111-b14 mixed mode linux-amd64 compressed oops)
Heap:
 PSYoungGen      total 35328K, used 5025K [0x00000000d6d00000, 0x00000000db080000, 0x0000000100000000)
  eden space 31744K, 5% used [0x00000000d6d00000,0x00000000d6edbc08,0x00000000d8c00000)
  from space 3584K, 87% used [0x00000000da900000,0x00000000dac0cac0,0x00000000dac80000)
  to   space 4096K, 0% used [0x00000000dac80000,0x00000000dac80000,0x00000000db080000)
 ParOldGen       total 84992K, used 3109K [0x0000000084600000, 0x0000000089900000, 0x00000000d6d00000)
  object space 84992K, 3% used [0x0000000084600000,0x0000000084909490,0x0000000089900000)
 Metaspace       used 12201K, capacity 12644K, committed 12928K, reserved 1060864K
  class space    used 1448K, capacity 1582K, committed 1664K, reserved 1048576K
GC Heap History (6 events):
Event: 0,677 GC heap before
{Heap before GC invocations=1 (full 0):
 PSYoungGen      total 36864K, used 31744K [0x00000000d6d00000, 0x00000000d9600000, 0x0000000100000000)
  eden space 31744K, 100% used [0x00000000d6d00000,0x00000000d8c00000,0x00000000d8c00000)
  from space 5120K, 0% used [0x00000000d9100000,0x00000000d9100000,0x00000000d9600000)
  to   space 5120K, 0% used [0x00000000d8c00000,0x00000000d8c00000,0x00000000d9100000)
 ParOldGen       total 84992K, used 0K [0x0000000084600000, 0x0000000089900000, 0x00000000d6d00000)
  object space 84992K, 0% used [0x0000000084600000,0x0000000084600000,0x0000000089900000)
 Metaspace       used 11966K, capacity 12452K, committed 12672K, reserved 1060864K
  class space    used 1443K, capacity 1582K, committed 1664K, reserved 1048576K
Event: 0,685 GC heap after
Heap after GC invocations=1 (full 0):
 PSYoungGen      total 36864K, used 5105K [0x00000000d6d00000, 0x00000000db500000, 0x0000000100000000)
  eden space 31744K, 0% used [0x00000000d6d00000,0x00000000d6d00000,0x00000000d8c00000)
  from space 5120K, 99% used [0x00000000d8c00000,0x00000000d90fc6f0,0x00000000d9100000)
  to   space 5120K, 0% used [0x00000000db000000,0x00000000db000000,0x00000000db500000)
 ParOldGen       total 84992K, used 3074K [0x0000000084600000, 0x0000000089900000, 0x00000000d6d00000)
  object space 84992K, 3% used [0x0000000084600000,0x0000000084900840,0x0000000089900000)
 Metaspace       used 11966K, capacity 12452K, committed 12672K, reserved 1060864K
  class space    used 1443K, capacity 1582K, committed 1664K, reserved 1048576K
}
Event: 1,772 GC heap before
{Heap before GC invocations=2 (full 0):
 PSYoungGen      total 36864K, used 36849K [0x00000000d6d00000, 0x00000000db500000, 0x0000000100000000)
  eden space 31744K, 100% used [0x00000000d6d00000,0x00000000d8c00000,0x00000000d8c00000)
  from space 5120K, 99% used [0x00000000d8c00000,0x00000000d90fc6f0,0x00000000d9100000)
  to   space 5120K, 0% used [0x00000000db000000,0x00000000db000000,0x00000000db500000)
 ParOldGen       total 84992K, used 3074K [0x0000000084600000, 0x0000000089900000, 0x00000000d6d00000)
  object space 84992K, 3% used [0x0000000084600000,0x0000000084900840,0x0000000089900000)
 Metaspace       used 12129K, capacity 12580K, committed 12928K, reserved 1060864K
  class space    used 1445K, capacity 1582K, committed 1664K, reserved 1048576K
Event: 1,778 GC heap after
Heap after GC invocations=2 (full 0):
 PSYoungGen      total 34816K, used 3010K [0x00000000d6d00000, 0x00000000db300000, 0x0000000100000000)
  eden space 31744K, 0% used [0x00000000d6d00000,0x00000000d6d00000,0x00000000d8c00000)
  from space 3072K, 98% used [0x00000000db000000,0x00000000db2f0ab0,0x00000000db300000)
  to   space 5120K, 0% used [0x00000000da900000,0x00000000da900000,0x00000000dae00000)
 ParOldGen       total 84992K, used 3101K [0x0000000084600000, 0x0000000089900000, 0x00000000d6d00000)
  object space 84992K, 3% used [0x0000000084600000,0x0000000084907490,0x0000000089900000)
 Metaspace       used 12129K, capacity 12580K, committed 12928K, reserved 1060864K
  class space    used 1445K, capacity 1582K, committed 1664K, reserved 1048576K
}
Event: 2,818 GC heap before
{Heap before GC invocations=3 (full 0):
 PSYoungGen      total 34816K, used 34754K [0x00000000d6d00000, 0x00000000db300000, 0x0000000100000000)
  eden space 31744K, 100% used [0x00000000d6d00000,0x00000000d8c00000,0x00000000d8c00000)
  from space 3072K, 98% used [0x00000000db000000,0x00000000db2f0ab0,0x00000000db300000)
  to   space 5120K, 0% used [0x00000000da900000,0x00000000da900000,0x00000000dae00000)
 ParOldGen       total 84992K, used 3101K [0x0000000084600000, 0x0000000089900000, 0x00000000d6d00000)
  object space 84992K, 3% used [0x0000000084600000,0x0000000084907490,0x0000000089900000)
 Metaspace       used 12200K, capacity 12644K, committed 12928K, reserved 1060864K
  class space    used 1448K, capacity 1582K, committed 1664K, reserved 1048576K
Event: 2,828 GC heap after
Heap after GC invocations=3 (full 0):
 PSYoungGen      total 35328K, used 3122K [0x00000000d6d00000, 0x00000000db080000, 0x0000000100000000)
  eden space 31744K, 0% used [0x00000000d6d00000,0x00000000d6d00000,0x00000000d8c00000)
  from space 3584K, 87% used [0x00000000da900000,0x00000000dac0cac0,0x00000000dac80000)
  to   space 4096K, 0% used [0x00000000dac80000,0x00000000dac80000,0x00000000db080000)
 ParOldGen       total 84992K, used 3109K [0x0000000084600000, 0x0000000089900000, 0x00000000d6d00000)
  object space 84992K, 3% used [0x0000000084600000,0x0000000084909490,0x0000000089900000)
 Metaspace       used 12200K, capacity 12644K, committed 12928K, reserved 1060864K
  class space    used 1448K, capacity 1582K, committed 1664K, reserved 1048576K
}

